[2017-07-31 11:47:28] INFO  WEBrick 1.3.1
[2017-07-31 11:47:28] INFO  ruby 2.2.1 (2015-02-26) [x86_64-linux]
[2017-07-31 11:47:28] INFO  WEBrick::HTTPServer#start: pid=13813 port=3000
/Accounts/turing/faculty/ckann/.rvm/gems/ruby-2.2.1/gems/railties-4.2.5/lib/rails/commands/server.rb:12:in `parse!': invalid option: -B0.0.0.0 (OptionParser::InvalidOption)
	from /Accounts/turing/faculty/ckann/.rvm/gems/ruby-2.2.1/gems/rack-1.6.8/lib/rack/server.rb:316:in `parse_options'
	from /Accounts/turing/faculty/ckann/.rvm/gems/ruby-2.2.1/gems/rack-1.6.8/lib/rack/server.rb:191:in `options'
	from /Accounts/turing/faculty/ckann/.rvm/gems/ruby-2.2.1/gems/railties-4.2.5/lib/rails/commands/server.rb:71:in `set_environment'
	from /Accounts/turing/faculty/ckann/.rvm/gems/ruby-2.2.1/gems/railties-4.2.5/lib/rails/commands/server.rb:55:in `initialize'
	from /Accounts/turing/faculty/ckann/.rvm/gems/ruby-2.2.1/gems/railties-4.2.5/lib/rails/commands/commands_tasks.rb:75:in `new'
	from /Accounts/turing/faculty/ckann/.rvm/gems/ruby-2.2.1/gems/railties-4.2.5/lib/rails/commands/commands_tasks.rb:75:in `server'
	from /Accounts/turing/faculty/ckann/.rvm/gems/ruby-2.2.1/gems/railties-4.2.5/lib/rails/commands/commands_tasks.rb:39:in `run_command!'
	from /Accounts/turing/faculty/ckann/.rvm/gems/ruby-2.2.1/gems/railties-4.2.5/lib/rails/commands.rb:17:in `<top (required)>'
	from /Accounts/turing/faculty/ckann/rails_apps/Covalent/bin/rails:9:in `require'
	from /Accounts/turing/faculty/ckann/rails_apps/Covalent/bin/rails:9:in `<top (required)>'
	from /Accounts/turing/faculty/ckann/.rvm/gems/ruby-2.2.1/gems/spring-2.0.2/lib/spring/client/rails.rb:28:in `load'
	from /Accounts/turing/faculty/ckann/.rvm/gems/ruby-2.2.1/gems/spring-2.0.2/lib/spring/client/rails.rb:28:in `call'
	from /Accounts/turing/faculty/ckann/.rvm/gems/ruby-2.2.1/gems/spring-2.0.2/lib/spring/client/command.rb:7:in `call'
	from /Accounts/turing/faculty/ckann/.rvm/gems/ruby-2.2.1/gems/spring-2.0.2/lib/spring/client.rb:30:in `run'
	from /Accounts/turing/faculty/ckann/.rvm/gems/ruby-2.2.1/gems/spring-2.0.2/bin/spring:49:in `<top (required)>'
	from /Accounts/turing/faculty/ckann/.rvm/gems/ruby-2.2.1/gems/spring-2.0.2/lib/spring/binstub.rb:31:in `load'
	from /Accounts/turing/faculty/ckann/.rvm/gems/ruby-2.2.1/gems/spring-2.0.2/lib/spring/binstub.rb:31:in `<top (required)>'
	from /Accounts/turing/faculty/ckann/rails_apps/Covalent/bin/spring:15:in `require'
	from /Accounts/turing/faculty/ckann/rails_apps/Covalent/bin/spring:15:in `<top (required)>'
	from bin/rails:3:in `load'
	from bin/rails:3:in `<main>'
/Accounts/turing/faculty/ckann/.rvm/gems/ruby-2.2.1/gems/rack-1.6.8/lib/rack/handler.rb:90:in `require': cannot load such file -- rack/handler/7 (LoadError)
	from /Accounts/turing/faculty/ckann/.rvm/gems/ruby-2.2.1/gems/rack-1.6.8/lib/rack/handler.rb:90:in `try_require'
	from /Accounts/turing/faculty/ckann/.rvm/gems/ruby-2.2.1/gems/rack-1.6.8/lib/rack/handler.rb:16:in `get'
	from /Accounts/turing/faculty/ckann/.rvm/gems/ruby-2.2.1/gems/rack-1.6.8/lib/rack/server.rb:291:in `server'
	from /Accounts/turing/faculty/ckann/.rvm/gems/ruby-2.2.1/gems/railties-4.2.5/lib/rails/commands/server.rb:125:in `print_boot_information'
	from /Accounts/turing/faculty/ckann/.rvm/gems/ruby-2.2.1/gems/railties-4.2.5/lib/rails/commands/server.rb:75:in `start'
	from /Accounts/turing/faculty/ckann/.rvm/gems/ruby-2.2.1/gems/railties-4.2.5/lib/rails/commands/commands_tasks.rb:80:in `block in server'
	from /Accounts/turing/faculty/ckann/.rvm/gems/ruby-2.2.1/gems/railties-4.2.5/lib/rails/commands/commands_tasks.rb:75:in `tap'
	from /Accounts/turing/faculty/ckann/.rvm/gems/ruby-2.2.1/gems/railties-4.2.5/lib/rails/commands/commands_tasks.rb:75:in `server'
	from /Accounts/turing/faculty/ckann/.rvm/gems/ruby-2.2.1/gems/railties-4.2.5/lib/rails/commands/commands_tasks.rb:39:in `run_command!'
	from /Accounts/turing/faculty/ckann/.rvm/gems/ruby-2.2.1/gems/railties-4.2.5/lib/rails/commands.rb:17:in `<top (required)>'
	from /Accounts/turing/faculty/ckann/rails_apps/Covalent/bin/rails:9:in `require'
	from /Accounts/turing/faculty/ckann/rails_apps/Covalent/bin/rails:9:in `<top (required)>'
	from /Accounts/turing/faculty/ckann/.rvm/gems/ruby-2.2.1/gems/spring-2.0.2/lib/spring/client/rails.rb:28:in `load'
	from /Accounts/turing/faculty/ckann/.rvm/gems/ruby-2.2.1/gems/spring-2.0.2/lib/spring/client/rails.rb:28:in `call'
	from /Accounts/turing/faculty/ckann/.rvm/gems/ruby-2.2.1/gems/spring-2.0.2/lib/spring/client/command.rb:7:in `call'
	from /Accounts/turing/faculty/ckann/.rvm/gems/ruby-2.2.1/gems/spring-2.0.2/lib/spring/client.rb:30:in `run'
	from /Accounts/turing/faculty/ckann/.rvm/gems/ruby-2.2.1/gems/spring-2.0.2/bin/spring:49:in `<top (required)>'
	from /Accounts/turing/faculty/ckann/.rvm/gems/ruby-2.2.1/gems/spring-2.0.2/lib/spring/binstub.rb:31:in `load'
	from /Accounts/turing/faculty/ckann/.rvm/gems/ruby-2.2.1/gems/spring-2.0.2/lib/spring/binstub.rb:31:in `<top (required)>'
	from /Accounts/turing/faculty/ckann/rails_apps/Covalent/bin/spring:15:in `require'
	from /Accounts/turing/faculty/ckann/rails_apps/Covalent/bin/spring:15:in `<top (required)>'
	from bin/rails:3:in `load'
	from bin/rails:3:in `<main>'
Exiting
